<?xml version="1.0" encoding="UTF-8"?>
<testng-results skipped="0" failed="0" ignored="0" total="1" passed="1">
  <reporter-output>
  </reporter-output>
  <suite name="Default suite" duration-ms="18453" started-at="2018-03-28T18:58:38Z" finished-at="2018-03-28T18:58:56Z">
    <groups>
    </groups>
    <test name="Default test" duration-ms="18453" started-at="2018-03-28T18:58:38Z" finished-at="2018-03-28T18:58:56Z">
      <class name="challenge.ZoomPage">
        <test-method status="PASS" signature="main()[pri:0, instance:challenge.ZoomPage@c1a023]" name="main" duration-ms="18333" started-at="2018-03-28T18:58:38Z" finished-at="2018-03-28T18:58:56Z">
          <reporter-output>
          </reporter-output>
        </test-method> <!-- main -->
      </class> <!-- challenge.ZoomPage -->
    </test> <!-- Default test -->
  </suite> <!-- Default suite -->
</testng-results>
