<?xml version="1.0" encoding="UTF-8"?>
<testng-results skipped="0" failed="0" ignored="0" total="1" passed="1">
  <reporter-output>
  </reporter-output>
  <suite name="Default suite" duration-ms="45710" started-at="2018-02-06T05:47:01Z" finished-at="2018-02-06T05:47:47Z">
    <groups>
    </groups>
    <test name="Default test" duration-ms="45710" started-at="2018-02-06T05:47:01Z" finished-at="2018-02-06T05:47:47Z">
      <class name="challenge.Upload">
        <test-method status="PASS" signature="main()[pri:0, instance:challenge.Upload@f777e8]" name="main" duration-ms="45577" started-at="2018-02-06T05:47:01Z" finished-at="2018-02-06T05:47:47Z">
          <reporter-output>
          </reporter-output>
        </test-method> <!-- main -->
      </class> <!-- challenge.Upload -->
    </test> <!-- Default test -->
  </suite> <!-- Default suite -->
</testng-results>
